<?xml version="1.0" encoding="utf-8"?><testsuites><testsuite errors="0" failures="0" hostname="DESKTOP-KGFRJ8M" name="pytest" skipped="0" tests="14" time="2.898" timestamp="2020-08-06T01:43:40.157484"><testcase classname="tests.test_app1.functionals.test_auth" file="tests\test_app1\functionals\test_auth.py" line="5" name="test_unauth_access" time="0.391"></testcase><testcase classname="tests.test_app1.functionals.test_auth" file="tests\test_app1\functionals\test_auth.py" line="14" name="test_login" time="0.266"></testcase><testcase classname="tests.test_app1.functionals.test_auth" file="tests\test_app1\functionals\test_auth.py" line="42" name="test_login_success" time="0.177"></testcase><testcase classname="tests.test_app1.functionals.test_auth" file="tests\test_app1\functionals\test_auth.py" line="59" name="test_register" time="0.320"></testcase><testcase classname="tests.test_app1.functionals.test_cli" file="tests\test_app1\functionals\test_cli.py" line="13" name="test_mig_upgrade_dadb312e05e9" time="0.003"></testcase><testcase classname="tests.test_app1.securities.test_sec_login" file="tests\test_app1\securities\test_sec_login.py" line="5" name="test_login_sqlinjection" time="0.022"></testcase><testcase classname="tests.test_app1.securities.test_sec_register" file="tests\test_app1\securities\test_sec_register.py" line="5" name="test_register_sqlinjection" time="0.046"></testcase><testcase classname="tests.test_app1.ui.test_ui_auth" file="tests\test_app1\ui\test_ui_auth.py" line="4" name="test_register_has_form" time="0.017"></testcase><testcase classname="tests.test_app1.ui.test_ui_auth" file="tests\test_app1\ui\test_ui_auth.py" line="21" name="test_register_has_assets" time="0.011"></testcase><testcase classname="tests.test_app1.ui.test_ui_auth" file="tests\test_app1\ui\test_ui_auth.py" line="35" name="test_login_has_form" time="0.015"></testcase><testcase classname="tests.test_app1.ui.test_ui_auth" file="tests\test_app1\ui\test_ui_auth.py" line="55" name="test_login_has_assets" time="0.012"></testcase><testcase classname="tests.test_app1.units.test_config" file="tests\test_app1\units\test_config.py" line="4" name="test_env" time="0.003"></testcase><testcase classname="tests.test_app1.units.test_config" file="tests\test_app1\units\test_config.py" line="12" name="test_config" time="0.001"></testcase><testcase classname="tests.test_app1.units.test_models" file="tests\test_app1\units\test_models.py" line="3" name="test_init_db" time="0.026"></testcase></testsuite></testsuites>