<?xml version="1.0" encoding="utf-8"?><testsuites><testsuite errors="0" failures="0" hostname="DESKTOP-KGFRJ8M" name="pytest" skipped="0" tests="5" time="1.360" timestamp="2020-08-01T17:28:01.201306"><testcase classname="tests.test_app1.functionals.test_auth" file="tests\test_app1\functionals\test_auth.py" line="5" name="test_unauth_access" time="0.167"></testcase><testcase classname="tests.test_app1.functionals.test_auth" file="tests\test_app1\functionals\test_auth.py" line="14" name="test_login" time="0.205"></testcase><testcase classname="tests.test_app1.functionals.test_auth" file="tests\test_app1\functionals\test_auth.py" line="39" name="test_login_success" time="0.168"></testcase><testcase classname="tests.test_app1.functionals.test_auth" file="tests\test_app1\functionals\test_auth.py" line="56" name="test_register" time="0.299"></testcase><testcase classname="tests.test_app1.units.test_models" file="tests\test_app1\units\test_models.py" line="3" name="test_init_db" time="0.006"></testcase></testsuite></testsuites>