<?xml version="1.0" encoding="utf-8"?><testsuites><testsuite errors="0" failures="0" hostname="DESKTOP-KGFRJ8M" name="pytest" skipped="0" tests="5" time="1.183" timestamp="2020-08-05T16:43:33.872904"><testcase classname="tests.test_app1.functionals.test_auth" file="tests\test_app1\functionals\test_auth.py" line="5" name="test_unauth_access" time="0.411"></testcase><testcase classname="tests.test_app1.functionals.test_auth" file="tests\test_app1\functionals\test_auth.py" line="14" name="test_login" time="0.134"></testcase><testcase classname="tests.test_app1.functionals.test_auth" file="tests\test_app1\functionals\test_auth.py" line="41" name="test_login_success" time="0.017"></testcase><testcase classname="tests.test_app1.functionals.test_auth" file="tests\test_app1\functionals\test_auth.py" line="58" name="test_register" time="0.060"></testcase><testcase classname="tests.test_app1.units.test_models" file="tests\test_app1\units\test_models.py" line="3" name="test_init_db" time="0.034"></testcase></testsuite></testsuites>