<?xml version="1.0" encoding="utf-8"?><testsuites><testsuite errors="0" failures="0" hostname="DESKTOP-KGFRJ8M" name="pytest" skipped="0" tests="5" time="1.094" timestamp="2020-08-04T00:57:15.000403"><testcase classname="tests.test_app1.functionals.test_auth" file="tests\test_app1\functionals\test_auth.py" line="5" name="test_unauth_access" time="0.391"></testcase><testcase classname="tests.test_app1.functionals.test_auth" file="tests\test_app1\functionals\test_auth.py" line="14" name="test_login" time="0.089"></testcase><testcase classname="tests.test_app1.functionals.test_auth" file="tests\test_app1\functionals\test_auth.py" line="41" name="test_login_success" time="0.019"></testcase><testcase classname="tests.test_app1.functionals.test_auth" file="tests\test_app1\functionals\test_auth.py" line="58" name="test_register" time="0.048"></testcase><testcase classname="tests.test_app1.units.test_models" file="tests\test_app1\units\test_models.py" line="3" name="test_init_db" time="0.006"></testcase></testsuite></testsuites>